<?xml version="1.0" encoding="UTF-8"?>
<!-- Generated by org.testng.reporters.JUnitReportReporter -->
<testsuite hostname="HYL-777648" name="tests.DeficiencyServiceTest" tests="1" failures="0" timestamp="29 Jun 2020 11:08:29 GMT" time="0.877" errors="0">
  <testcase name="deficiencyTest" time="0.877" classname="tests.DeficiencyServiceTest"/>
</testsuite> <!-- tests.DeficiencyServiceTest -->
