<?xml version="1.0" encoding="UTF-8"?>
<!-- Generated by org.testng.reporters.JUnitReportReporter -->
<testsuite hostname="HYL-777648" name="tests.DemoTest" tests="1" failures="0" timestamp="1 Jul 2020 08:53:30 GMT" time="0.490" errors="0">
  <testcase name="Test1" time="0.490" classname="tests.DemoTest"/>
</testsuite> <!-- tests.DemoTest -->
