<?xml version="1.0" encoding="UTF-8"?>
<!-- Generated by org.testng.reporters.JUnitReportReporter -->
<testsuite hostname="HYL-777648" name="tests.LoginServiceTest" tests="1" failures="0" timestamp="1 Jul 2020 15:08:21 GMT" time="3.141" errors="0">
  <testcase name="getCookies" time="3.141" classname="tests.LoginServiceTest"/>
</testsuite> <!-- tests.LoginServiceTest -->
