<?xml version="1.0" encoding="UTF-8"?>
<!-- Generated by org.testng.reporters.JUnitReportReporter -->
<testsuite hostname="HYL-777648" name="tests.SimpleTest" tests="10" failures="0" timestamp="7 Jul 2020 07:45:23 GMT" time="8.615" errors="0">
  <testcase name="PASSED : File Name : TaskList.yaml  End Point : /getDictationDocTypes/{facility}" time="1.114" classname="tests.SimpleTest"/>
  <testcase name="PASSED : File Name : TaskList.yaml  End Point : /deficiencyDocInfo" time="0.687" classname="tests.SimpleTest"/>
  <testcase name="PASSED : File Name : TaskList.yaml  End Point : /getDictationJobIds/{encounter}" time="0.806" classname="tests.SimpleTest"/>
  <testcase name="PASSED : File Name : DeficiencyRestAPI.yaml  End Point : /deficiencyDocInfo" time="0.743" classname="tests.SimpleTest"/>
  <testcase name="PASSED : File Name : DeficiencyRestAPI.yaml  End Point : /docLocking" time="1.334" classname="tests.SimpleTest"/>
  <testcase name="PASSED : File Name : DeficiencyRestAPI.yaml  End Point : /getDictationJobIds/{encounter}" time="0.631" classname="tests.SimpleTest"/>
  <testcase name="PASSED : File Name : TaskList.yaml  End Point : /" time="0.720" classname="tests.SimpleTest"/>
  <testcase name="PASSED : File Name : DeficiencyRestAPI.yaml  End Point : /getDictationDocTypes/{facility}" time="1.082" classname="tests.SimpleTest"/>
  <testcase name="PASSED : File Name : DeficiencyRestAPI.yaml  End Point : /" time="0.698" classname="tests.SimpleTest"/>
  <testcase name="PASSED : File Name : TaskList.yaml  End Point : /docLocking" time="0.800" classname="tests.SimpleTest"/>
</testsuite> <!-- tests.SimpleTest -->
