<?xml version="1.0" encoding="UTF-8"?>
<!-- Generated by org.testng.reporters.JUnitReportReporter -->
<testsuite hostname="HYL-777648" name="tests.EncounterTest" tests="1" failures="0" timestamp="29 Jun 2020 10:44:21 GMT" time="0.687" errors="0">
  <testcase name="Test1" time="0.687" classname="tests.EncounterTest"/>
</testsuite> <!-- tests.EncounterTest -->
