<?xml version="1.0" encoding="UTF-8"?>
<!-- Generated by org.testng.reporters.JUnitReportReporter -->
<testsuite hostname="HYL-777648" name="restUtils.MainTest" tests="1" failures="0" timestamp="3 Jul 2020 10:42:25 GMT" time="8.299" errors="0">
  <testcase name="Test1" time="8.299" classname="restUtils.MainTest"/>
</testsuite> <!-- restUtils.MainTest -->
