<?xml version="1.0" encoding="UTF-8"?>
<!-- Generated by org.testng.reporters.JUnitReportReporter -->
<testsuite hostname="HYL-777648" name="tests.OCIntegrationTest" tests="1" failures="0" timestamp="3 Jul 2020 11:40:55 GMT" time="10.853" errors="0">
  <testcase name="OCRestAPITest" time="10.853" classname="tests.OCIntegrationTest"/>
</testsuite> <!-- tests.OCIntegrationTest -->
