<?xml version="1.0" encoding="UTF-8"?>
<!-- Generated by org.testng.reporters.JUnitReportReporter -->
<testsuite hostname="HYL-777648" name="tests.DeficiencyWebserviceTest" tests="1" failures="0" timestamp="1 Jul 2020 10:29:29 GMT" time="4.345" errors="0">
  <testcase name="deficiencyServiceTest" time="4.345" classname="tests.DeficiencyWebserviceTest"/>
</testsuite> <!-- tests.DeficiencyWebserviceTest -->
