<?xml version="1.0" encoding="UTF-8"?>
<!-- Generated by org.testng.reporters.JUnitReportReporter -->
<testsuite hostname="HYL-777648" name="tests.DeficiencyDocInfoTest" tests="1" failures="0" timestamp="1 Jul 2020 11:58:51 GMT" time="3.982" errors="0">
  <testcase name="Test1" time="3.982" classname="tests.DeficiencyDocInfoTest"/>
</testsuite> <!-- tests.DeficiencyDocInfoTest -->
