<?xml version="1.0" encoding="UTF-8"?>
<!-- Generated by org.testng.reporters.JUnitReportReporter -->
<testsuite hostname="HYL-777648" name="com.hyland.IT.tests.IntegrationTest" tests="1" failures="0" timestamp="8 Aug 2020 06:06:51 GMT" time="2.022" errors="0">
  <testcase name="PASSED --&gt; File Name : DeficiencyServices.yaml; End Point : GET::/deficiencyDocInfo [Query Params: {duid=1.2.840.113782.1.3.123.1038.9.20180109.48444956},  Path Params: null, DB Query: ]" time="2.022" classname="com.hyland.IT.tests.IntegrationTest"/>
</testsuite> <!-- com.hyland.IT.tests.IntegrationTest -->
