<?xml version="1.0" encoding="UTF-8"?>
<!-- Generated by org.testng.reporters.JUnitReportReporter -->
<testsuite hostname="HYL-777648" name="tests.DemoTest1" tests="1" failures="0" timestamp="25 Jun 2020 09:19:41 GMT" time="2.446" errors="0">
  <testcase name="getweatherDetails" time="2.446" classname="tests.DemoTest1"/>
</testsuite> <!-- tests.DemoTest1 -->
